<?xml version="1.0"?>
<ruleset name="ExampleRuleset"
  xmlns="http://pmd.sourceforge.net/ruleset/2.0.0"
  xmlns:xsi="http://www.w3.org/2001/XMLSchema-instance"
  xsi:schemaLocation="http://pmd.sourceforge.net/ruleset/2.0.0
  http://pmd.sourceforge.net/ruleset_2_0_0.xsd">

  <description>PFM rule set</description>

  <rule ref="category/java/errorprone.xml">
    <exclude name="DataflowAnomalyAnalysis"/>
    <exclude name="AvoidDuplicateLiterals"/>
    <exclude name="BeanMembersShouldSerialize"/>
    <exclude name="MoreThanOneLogger"/>
    <exclude name="UseLocaleWithCaseConversions"/>
  </rule>

  <rule ref="category/java/bestpractices.xml">
    <exclude name="JUnitAssertionsShouldIncludeMessage"/>
    <exclude name="JUnitTestsShouldIncludeAssert"/>
    <exclude name="JUnitTestContainsTooManyAsserts"/>
<!--    <exclude name="UnusedPrivateMethod"/>-->
    <exclude name="UseVarargs"/>
    <exclude name="JUnit5TestShouldBePackagePrivate"/>
    <exclude name="UnusedPrivateMethod"/>
  </rule>

</ruleset>
